<?xml version="1.0" encoding="UTF-8"?>
<testng-results skipped="0" failed="0" ignored="0" total="2" passed="2">
  <reporter-output>
  </reporter-output>
  <suite name="testPackage.TestClass" duration-ms="65481" started-at="2021-09-20T07:50:57Z" finished-at="2021-09-20T07:52:03Z">
    <groups>
    </groups>
    <test name="Command line test" duration-ms="65481" started-at="2021-09-20T07:50:57Z" finished-at="2021-09-20T07:52:03Z">
      <class name="testPackage.TestClass">
        <test-method status="PASS" signature="testInit()[pri:0, instance:testPackage.TestClass@617c74e5]" name="testInit" is-config="true" duration-ms="13" started-at="2021-09-20T07:50:57Z" finished-at="2021-09-20T07:50:57Z">
          <reporter-output>
          </reporter-output>
        </test-method> <!-- testInit -->
        <test-method status="PASS" signature="setUpTest(java.lang.reflect.Method)[pri:0, instance:testPackage.TestClass@617c74e5]" name="setUpTest" is-config="true" duration-ms="4943" started-at="2021-09-20T07:50:57Z" finished-at="2021-09-20T07:51:02Z">
          <params>
            <param index="0">
              <value>
                <![CDATA[public void testPackage.TestClass.loginTest()]]>
              </value>
            </param>
          </params>
          <reporter-output>
          </reporter-output>
        </test-method> <!-- setUpTest -->
        <test-method status="PASS" signature="loginTest()[pri:0, instance:testPackage.TestClass@617c74e5]" name="loginTest" duration-ms="29280" started-at="2021-09-20T07:51:02Z" description="Test to validate User login using valid credentials" finished-at="2021-09-20T07:51:32Z">
          <reporter-output>
          </reporter-output>
        </test-method> <!-- loginTest -->
        <test-method status="PASS" signature="tearDownTest(org.testng.ITestResult)[pri:0, instance:testPackage.TestClass@617c74e5]" name="tearDownTest" is-config="true" duration-ms="156" started-at="2021-09-20T07:51:32Z" finished-at="2021-09-20T07:51:32Z">
          <params>
            <param index="0">
              <value>
                <![CDATA[[TestResult name=loginTest status=SUCCESS method=TestClass.loginTest()[pri:0, instance:testPackage.TestClass@617c74e5] output={null}]]]>
              </value>
            </param>
          </params>
          <reporter-output>
          </reporter-output>
        </test-method> <!-- tearDownTest -->
        <test-method status="PASS" signature="setUpTest(java.lang.reflect.Method)[pri:0, instance:testPackage.TestClass@617c74e5]" name="setUpTest" is-config="true" duration-ms="3363" started-at="2021-09-20T07:51:32Z" finished-at="2021-09-20T07:51:35Z">
          <params>
            <param index="0">
              <value>
                <![CDATA[public void testPackage.TestClass.loginTest2()]]>
              </value>
            </param>
          </params>
          <reporter-output>
          </reporter-output>
        </test-method> <!-- setUpTest -->
        <test-method status="PASS" signature="loginTest2()[pri:0, instance:testPackage.TestClass@617c74e5]" name="loginTest2" duration-ms="27592" started-at="2021-09-20T07:51:35Z" description="Test to validate User login using invalid credentials" finished-at="2021-09-20T07:52:03Z">
          <reporter-output>
          </reporter-output>
        </test-method> <!-- loginTest2 -->
        <test-method status="PASS" signature="tearDownTest(org.testng.ITestResult)[pri:0, instance:testPackage.TestClass@617c74e5]" name="tearDownTest" is-config="true" duration-ms="111" started-at="2021-09-20T07:52:03Z" finished-at="2021-09-20T07:52:03Z">
          <params>
            <param index="0">
              <value>
                <![CDATA[[TestResult name=loginTest2 status=SUCCESS method=TestClass.loginTest2()[pri:0, instance:testPackage.TestClass@617c74e5] output={null}]]]>
              </value>
            </param>
          </params>
          <reporter-output>
          </reporter-output>
        </test-method> <!-- tearDownTest -->
        <test-method status="PASS" signature="clearUp()[pri:0, instance:testPackage.TestClass@617c74e5]" name="clearUp" is-config="true" duration-ms="1" started-at="2021-09-20T07:52:03Z" finished-at="2021-09-20T07:52:03Z">
          <reporter-output>
          </reporter-output>
        </test-method> <!-- clearUp -->
      </class> <!-- testPackage.TestClass -->
    </test> <!-- Command line test -->
  </suite> <!-- testPackage.TestClass -->
</testng-results>
