<?xml version="1.0" encoding="UTF-8"?>
<testng-results skipped="0" failed="0" ignored="0" total="2" passed="2">
  <reporter-output>
  </reporter-output>
  <suite name="testPackage.TestClass" duration-ms="91881" started-at="2021-09-17T07:56:12Z" finished-at="2021-09-17T07:57:44Z">
    <groups>
    </groups>
    <test name="Command line test" duration-ms="91881" started-at="2021-09-17T07:56:12Z" finished-at="2021-09-17T07:57:44Z">
      <class name="testPackage.TestClass">
        <test-method status="PASS" signature="testInit()[pri:0, instance:testPackage.TestClass@6df97b55]" name="testInit" is-config="true" duration-ms="30" started-at="2021-09-17T07:56:12Z" finished-at="2021-09-17T07:56:12Z">
          <reporter-output>
          </reporter-output>
        </test-method> <!-- testInit -->
        <test-method status="PASS" signature="setUpTest(java.lang.reflect.Method)[pri:0, instance:testPackage.TestClass@6df97b55]" name="setUpTest" is-config="true" duration-ms="13206" started-at="2021-09-17T07:56:12Z" finished-at="2021-09-17T07:56:25Z">
          <params>
            <param index="0">
              <value>
                <![CDATA[public void testPackage.TestClass.loginTest()]]>
              </value>
            </param>
          </params>
          <reporter-output>
          </reporter-output>
        </test-method> <!-- setUpTest -->
        <test-method status="PASS" signature="loginTest()[pri:0, instance:testPackage.TestClass@6df97b55]" name="loginTest" duration-ms="32384" started-at="2021-09-17T07:56:25Z" description="Test to validate User login using valid credentials" finished-at="2021-09-17T07:56:58Z">
          <reporter-output>
          </reporter-output>
        </test-method> <!-- loginTest -->
        <test-method status="PASS" signature="tearDownTest(org.testng.ITestResult)[pri:0, instance:testPackage.TestClass@6df97b55]" name="tearDownTest" is-config="true" duration-ms="2521" started-at="2021-09-17T07:56:58Z" finished-at="2021-09-17T07:57:00Z">
          <params>
            <param index="0">
              <value>
                <![CDATA[[TestResult name=loginTest status=SUCCESS method=TestClass.loginTest()[pri:0, instance:testPackage.TestClass@6df97b55] output={null}]]]>
              </value>
            </param>
          </params>
          <reporter-output>
          </reporter-output>
        </test-method> <!-- tearDownTest -->
        <test-method status="PASS" signature="setUpTest(java.lang.reflect.Method)[pri:0, instance:testPackage.TestClass@6df97b55]" name="setUpTest" is-config="true" duration-ms="11121" started-at="2021-09-17T07:57:00Z" finished-at="2021-09-17T07:57:11Z">
          <params>
            <param index="0">
              <value>
                <![CDATA[public void testPackage.TestClass.loginTest2()]]>
              </value>
            </param>
          </params>
          <reporter-output>
          </reporter-output>
        </test-method> <!-- setUpTest -->
        <test-method status="PASS" signature="loginTest2()[pri:0, instance:testPackage.TestClass@6df97b55]" name="loginTest2" duration-ms="31127" started-at="2021-09-17T07:57:11Z" description="Test to validate User login using invalid credentials" finished-at="2021-09-17T07:57:43Z">
          <reporter-output>
          </reporter-output>
        </test-method> <!-- loginTest2 -->
        <test-method status="PASS" signature="tearDownTest(org.testng.ITestResult)[pri:0, instance:testPackage.TestClass@6df97b55]" name="tearDownTest" is-config="true" duration-ms="1437" started-at="2021-09-17T07:57:43Z" finished-at="2021-09-17T07:57:44Z">
          <params>
            <param index="0">
              <value>
                <![CDATA[[TestResult name=loginTest2 status=SUCCESS method=TestClass.loginTest2()[pri:0, instance:testPackage.TestClass@6df97b55] output={null}]]]>
              </value>
            </param>
          </params>
          <reporter-output>
          </reporter-output>
        </test-method> <!-- tearDownTest -->
        <test-method status="PASS" signature="clearUp()[pri:0, instance:testPackage.TestClass@6df97b55]" name="clearUp" is-config="true" duration-ms="0" started-at="2021-09-17T07:57:44Z" finished-at="2021-09-17T07:57:44Z">
          <reporter-output>
          </reporter-output>
        </test-method> <!-- clearUp -->
      </class> <!-- testPackage.TestClass -->
    </test> <!-- Command line test -->
  </suite> <!-- testPackage.TestClass -->
</testng-results>
